app/build/outputs/logs/manifest-merger-devel-release-report.txt
-- Merging decision tree log ---
manifest
ADDED from AndroidManifest.xml:2:1
	xmlns:tools
		ADDED from AndroidManifest.xml:3:5
	xmlns:android
		ADDED from AndroidManifest.xml:2:11
	package
		ADDED from AndroidManifest.xml:4:5
	android:versionName
		INJECTED from AndroidManifest.xml:0:0
		INJECTED from AndroidManifest.xml:0:0
	android:versionCode
		INJECTED from AndroidManifest.xml:0:0
		INJECTED from AndroidManifest.xml:0:0
uses-permission#android.permission.INTERNET
ADDED from AndroidManifest.xml:6:5
	android:name
		ADDED from AndroidManifest.xml:6:22
application
ADDED from AndroidManifest.xml:8:5
MERGED from com.android.support:recyclerview-v7:22.0.0:22:5
MERGED from com.android.support:support-v4:22.0.0:22:5
MERGED from com.android.support:appcompat-v7:22.0.0:22:5
MERGED from com.android.support:support-v4:22.0.0:22:5
MERGED from com.daimajia.easing:library:1.0.0:11:5
MERGED from com.squareup.leakcanary:leakcanary-android:1.3.1:27:5
	android:label
		ADDED from AndroidManifest.xml:12:9
	android:allowBackup
		ADDED from AndroidManifest.xml:10:9
	android:icon
		ADDED from AndroidManifest.xml:11:9
		REJECTED from com.daimajia.easing:library:1.0.0:13:9
	android:theme
		ADDED from AndroidManifest.xml:13:9
	tools:replace
		ADDED from AndroidManifest.xml:14:9
	android:name
		ADDED from AndroidManifest.xml:9:9
meta-data#io.fabric.ApiKey
ADDED from AndroidManifest.xml:16:9
	android:name
		ADDED from AndroidManifest.xml:17:13
	android:value
		ADDED from AndroidManifest.xml:18:13
activity#pl.srw.billcalculator.form.MainActivity
ADDED from AndroidManifest.xml:20:9
	android:label
		ADDED from AndroidManifest.xml:20:53
	android:name
		ADDED from AndroidManifest.xml:20:19
intent-filter#android.intent.action.MAIN+android.intent.category.LAUNCHER
ADDED from AndroidManifest.xml:21:13
action#android.intent.action.MAIN
ADDED from AndroidManifest.xml:22:17
	android:name
		ADDED from AndroidManifest.xml:22:25
category#android.intent.category.LAUNCHER
ADDED from AndroidManifest.xml:23:17
	android:name
		ADDED from AndroidManifest.xml:23:27
activity#pl.srw.billcalculator.bill.PgeBillActivity
ADDED from AndroidManifest.xml:27:9
	android:label
		ADDED from AndroidManifest.xml:27:56
	android:name
		ADDED from AndroidManifest.xml:27:19
activity#pl.srw.billcalculator.bill.PgnigBillActivity
ADDED from AndroidManifest.xml:29:9
	android:label
		ADDED from AndroidManifest.xml:29:58
	android:name
		ADDED from AndroidManifest.xml:29:19
activity#pl.srw.billcalculator.bill.TauronBillActivity
ADDED from AndroidManifest.xml:31:9
	android:label
		ADDED from AndroidManifest.xml:31:59
	android:name
		ADDED from AndroidManifest.xml:31:19
activity#pl.srw.billcalculator.settings.activity.SettingsActivity
ADDED from AndroidManifest.xml:33:9
	android:label
		ADDED from AndroidManifest.xml:33:70
	android:name
		ADDED from AndroidManifest.xml:33:19
activity#pl.srw.billcalculator.settings.activity.ProviderSettingsActivity
ADDED from AndroidManifest.xml:35:9
	android:name
		ADDED from AndroidManifest.xml:35:19
activity#pl.srw.billcalculator.settings.activity.ProviderSettingsHelpActivity
ADDED from AndroidManifest.xml:37:9
	android:label
		ADDED from AndroidManifest.xml:37:82
	android:theme
		ADDED from AndroidManifest.xml:38:19
	android:name
		ADDED from AndroidManifest.xml:37:19
activity#pl.srw.billcalculator.AboutActivity
ADDED from AndroidManifest.xml:40:9
	android:label
		ADDED from AndroidManifest.xml:40:49
	android:theme
		ADDED from AndroidManifest.xml:41:19
	android:name
		ADDED from AndroidManifest.xml:40:19
activity#pl.srw.billcalculator.history.HistoryActivity
ADDED from AndroidManifest.xml:43:9
	android:label
		ADDED from AndroidManifest.xml:43:59
	android:name
		ADDED from AndroidManifest.xml:43:19
service#pl.srw.billcalculator.bill.service.PgnigBillStoringService
ADDED from AndroidManifest.xml:45:9
	android:name
		ADDED from AndroidManifest.xml:45:18
service#pl.srw.billcalculator.bill.service.PgeBillStoringService
ADDED from AndroidManifest.xml:47:9
	android:name
		ADDED from AndroidManifest.xml:47:18
service#pl.srw.billcalculator.bill.service.TauronBillStoringService
ADDED from AndroidManifest.xml:49:9
	android:name
		ADDED from AndroidManifest.xml:49:18
uses-sdk
INJECTED from AndroidManifest.xml:0:0 reason: use-sdk injection requested
MERGED from com.android.support:recyclerview-v7:22.0.0:20:5
MERGED from com.android.support:support-v4:22.0.0:20:5
MERGED from com.android.support:appcompat-v7:22.0.0:20:5
MERGED from com.android.support:support-v4:22.0.0:20:5
MERGED from com.daimajia.easing:library:1.0.0:7:5
MERGED from com.daimajia.androidanimations:library:1.1.2:8:5
MERGED from com.squareup.leakcanary:leakcanary-android:1.3.1:20:5
	android:targetSdkVersion
		INJECTED from AndroidManifest.xml:0:0
		INJECTED from AndroidManifest.xml:0:0
	android:minSdkVersion
		INJECTED from AndroidManifest.xml:0:0
		INJECTED from AndroidManifest.xml:0:0
activity#android.support.v7.widget.TestActivity
ADDED from com.android.support:recyclerview-v7:22.0.0:23:9
	android:label
		ADDED from com.android.support:recyclerview-v7:22.0.0:25:13
	android:name
		ADDED from com.android.support:recyclerview-v7:22.0.0:24:13
uses-permission#android.permission.WRITE_EXTERNAL_STORAGE
ADDED from com.squareup.leakcanary:leakcanary-android:1.3.1:25:5
	android:name
		ADDED from com.squareup.leakcanary:leakcanary-android:1.3.1:25:22
service#com.squareup.leakcanary.internal.HeapAnalyzerService
ADDED from com.squareup.leakcanary:leakcanary-android:1.3.1:28:9
	android:process
		ADDED from com.squareup.leakcanary:leakcanary-android:1.3.1:31:13
	android:enabled
		ADDED from com.squareup.leakcanary:leakcanary-android:1.3.1:30:13
	android:name
		ADDED from com.squareup.leakcanary:leakcanary-android:1.3.1:29:13
service#com.squareup.leakcanary.DisplayLeakService
ADDED from com.squareup.leakcanary:leakcanary-android:1.3.1:32:9
	android:enabled
		ADDED from com.squareup.leakcanary:leakcanary-android:1.3.1:34:13
	android:name
		ADDED from com.squareup.leakcanary:leakcanary-android:1.3.1:33:13
activity#com.squareup.leakcanary.internal.DisplayLeakActivity
ADDED from com.squareup.leakcanary:leakcanary-android:1.3.1:36:9
	android:label
		ADDED from com.squareup.leakcanary:leakcanary-android:1.3.1:40:13
	android:icon
		ADDED from com.squareup.leakcanary:leakcanary-android:1.3.1:39:13
	android:theme
		ADDED from com.squareup.leakcanary:leakcanary-android:1.3.1:42:13
	android:enabled
		ADDED from com.squareup.leakcanary:leakcanary-android:1.3.1:38:13
	android:taskAffinity
		ADDED from com.squareup.leakcanary:leakcanary-android:1.3.1:41:13
	android:name
		ADDED from com.squareup.leakcanary:leakcanary-android:1.3.1:37:13
android:uses-permission#android.permission.READ_EXTERNAL_STORAGE
IMPLIED from AndroidManifest.xml:2:1 reason: com.squareup.leakcanary requested WRITE_EXTERNAL_STORAGE